{
  "RSpec": {
    "coverage": {
      "/Users/foukimichaela/Documents/MyProjects/Ruby/caesar_cipher_odin/lib/caesar_cipher.rb": {
        "lines": [
          null,
          null,
          null,
          1,
          null,
          null,
          null,
          null,
          null,
          null,
          null,
          null,
          null,
          null,
          1,
          1,
          5,
          null,
          null,
          null,
          null
        ]
      }
    },
    "timestamp": 1773311452
  }
}
